\BOOKMARK [0][-]{chapter.1}{L'invasion mondiale des moustiques du genre Aedes et ses cons\351quences}{}% 1
\BOOKMARK [1][-]{section.1.1}{Origines, adaptations \046 invasions}{chapter.1}% 2
\BOOKMARK [2][-]{subsection.1.1.1}{Les moustiques du genre Aedes : \351l\351ments entomologiques}{section.1.1}% 3
\BOOKMARK [2][-]{subsection.1.1.2}{La domestication d'Aedes aegypti}{section.1.1}% 4
\BOOKMARK [2][-]{subsection.1.1.3}{L'invasion d'Aedes albopictus }{section.1.1}% 5
\BOOKMARK [1][-]{section.1.2}{\311mergences \046 r\351\351mergences}{chapter.1}% 6
\BOOKMARK [2][-]{subsection.1.2.1}{Virus de la fi\350vre jaune}{section.1.2}% 7
\BOOKMARK [2][-]{subsection.1.2.2}{Virus de la dengue}{section.1.2}% 8
\BOOKMARK [2][-]{subsection.1.2.3}{Virus du chikungunya}{section.1.2}% 9
\BOOKMARK [2][-]{subsection.1.2.4}{Virus Zika}{section.1.2}% 10
\BOOKMARK [1][-]{section.1.3}{Virus \351mergents du futur}{chapter.1}% 11
\BOOKMARK [1][-]{section.1.4}{Pr\351vention \046 contr\364le}{chapter.1}% 12
\BOOKMARK [0][-]{chapter.2}{Mod\350les de maladies vectorielles}{}% 13
\BOOKMARK [1][-]{section.2.1}{Ross, Macdonald \046 le paludisme}{chapter.2}% 14
\BOOKMARK [1][-]{section.2.2}{Applications aux maladies transmises par Aedes}{chapter.2}% 15
\BOOKMARK [1][-]{section.2.3}{Mod\350les vecteur-implicites}{chapter.2}% 16
\BOOKMARK [2][-]{subsection.2.3.1}{Le mod\350le SIR}{section.2.3}% 17
\BOOKMARK [2][-]{subsection.2.3.2}{Le mod\350le SIR d\351lay\351}{section.2.3}% 18
\BOOKMARK [2][-]{subsection.2.3.3}{Approches bas\351es sur l'intervalle de g\351n\351ration}{section.2.3}% 19
\BOOKMARK [0][-]{chapter.3}{\311pid\351miologie compar\351e du chikungunya et du Zika}{}% 20
\BOOKMARK [0][-]{chapter.4}{\311pid\351miologie pr\351dictive}{}% 21
\BOOKMARK [1][-]{section.4.1}{Guider les interventions de pr\351vention et de contr\364le en situation d'\351pid\351mie \351mergente}{chapter.4}% 22
\BOOKMARK [2][-]{subsection.4.1.1}{Approches classiques en pr\351diction}{section.4.1}% 23
\BOOKMARK [2][-]{subsection.4.1.2}{R\351cents d\351veloppements : les challenges}{section.4.1}% 24
\BOOKMARK [1][-]{section.4.2}{Am\351liorer les pr\351dictions \340 la phase pr\351coce d'une \351pid\351mie de Zika gr\342ce aux donn\351es historiques sur la transmission du Chikungunya}{chapter.4}% 25
\BOOKMARK [2][-]{subsection.4.2.1}{R\351sum\351 de l'article en fran\347ais}{section.4.2}% 26
\BOOKMARK [2][-]{subsection.4.2.2}{Article 2 : \253Improving early epidemiological assessment of emerging Aedes-transmitted epidemics using historical data\273}{section.4.2}% 27
\BOOKMARK [1][-]{section.4.3}{Commentaires et perspectives}{chapter.4}% 28
\BOOKMARK [0][-]{chapter.5}{Conclusions}{}% 29
